  [1m[35m (0.2ms)[0m  [1m[34mSELECT pg_try_advisory_lock(5277929974492897470)[0m
  [1m[36mActiveRecord::SchemaMigration Load (1.6ms)[0m  [1m[34mSELECT "schema_migrations"."version" FROM "schema_migrations" ORDER BY "schema_migrations"."version" ASC /*application:JingjiPortfolio*/[0m
  [1m[36mActiveRecord::InternalMetadata Load (2.5ms)[0m  [1m[34mSELECT * FROM "ar_internal_metadata" WHERE "ar_internal_metadata"."key" = 'environment' ORDER BY "ar_internal_metadata"."key" ASC LIMIT 1 /*application:JingjiPortfolio*/[0m
  [1m[35m (0.2ms)[0m  [1m[34mSELECT pg_advisory_unlock(5277929974492897470)[0m
  [1m[36mActiveRecord::SchemaMigration Load (0.1ms)[0m  [1m[34mSELECT "schema_migrations"."version" FROM "schema_migrations" ORDER BY "schema_migrations"."version" ASC /*application:JingjiPortfolio*/[0m
DEPRECATION WARNING: Using legacy connection handling is deprecated. Please set
`legacy_connection_handling` to `false` in your application.

The new connection handling does not support `connection_handlers`
getter and setter.

Read more about how to migrate at: https://guides.rubyonrails.org/active_record_multiple_databases.html#migrate-to-the-new-connection-handling
 (called from <main> at bin/rails:4)
  [1m[35m (0.4ms)[0m  [1m[34mSELECT pg_try_advisory_lock(5277929974492897470)[0m
  [1m[36mActiveRecord::SchemaMigration Pluck (2.9ms)[0m  [1m[34mSELECT "schema_migrations"."version" FROM "schema_migrations" ORDER BY "schema_migrations"."version" ASC /*application:JingjiPortfolio*/[0m
  [1m[36mActiveRecord::InternalMetadata Load (1.0ms)[0m  [1m[34mSELECT "ar_internal_metadata".* FROM "ar_internal_metadata" WHERE "ar_internal_metadata"."key" = $1 LIMIT $2 /*application:JingjiPortfolio*/[0m  [["key", "environment"], ["LIMIT", 1]]
  [1m[35m (0.4ms)[0m  [1m[34mSELECT pg_advisory_unlock(5277929974492897470)[0m
  [1m[36mActiveRecord::SchemaMigration Pluck (0.2ms)[0m  [1m[34mSELECT "schema_migrations"."version" FROM "schema_migrations" ORDER BY "schema_migrations"."version" ASC /*application:JingjiPortfolio*/[0m
DEPRECATION WARNING: Using legacy connection handling is deprecated. Please set
`legacy_connection_handling` to `false` in your application.

The new connection handling does not support `connection_handlers`
getter and setter.

Read more about how to migrate at: https://guides.rubyonrails.org/active_record_multiple_databases.html#migrate-to-the-new-connection-handling
 (called from <main> at bin/rails:4)
  [1m[35m (0.2ms)[0m  [1m[34mSELECT pg_try_advisory_lock(5277929974492897470)[0m
  [1m[36mActiveRecord::SchemaMigration Pluck (2.0ms)[0m  [1m[34mSELECT "schema_migrations"."version" FROM "schema_migrations" ORDER BY "schema_migrations"."version" ASC /*application:JingjiPortfolio*/[0m
  [1m[36mActiveRecord::InternalMetadata Load (0.7ms)[0m  [1m[34mSELECT "ar_internal_metadata".* FROM "ar_internal_metadata" WHERE "ar_internal_metadata"."key" = $1 LIMIT $2 /*application:JingjiPortfolio*/[0m  [["key", "environment"], ["LIMIT", 1]]
  [1m[35m (0.4ms)[0m  [1m[34mSELECT pg_advisory_unlock(5277929974492897470)[0m
  [1m[36mActiveRecord::SchemaMigration Pluck (0.4ms)[0m  [1m[34mSELECT "schema_migrations"."version" FROM "schema_migrations" ORDER BY "schema_migrations"."version" ASC /*application:JingjiPortfolio*/[0m
  [1m[35m (0.4ms)[0m  [1m[34mSELECT pg_try_advisory_lock(5277929974492897470)[0m
  [1m[36mActiveRecord::SchemaMigration Load (1.5ms)[0m  [1m[34mSELECT "schema_migrations"."version" FROM "schema_migrations" ORDER BY "schema_migrations"."version" ASC /*application:JingjiPortfolio*/[0m
  [1m[36mActiveRecord::InternalMetadata Load (1.5ms)[0m  [1m[34mSELECT * FROM "ar_internal_metadata" WHERE "ar_internal_metadata"."key" = 'environment' ORDER BY "ar_internal_metadata"."key" ASC LIMIT 1 /*application:JingjiPortfolio*/[0m
  [1m[35m (0.2ms)[0m  [1m[34mSELECT pg_advisory_unlock(5277929974492897470)[0m
  [1m[36mActiveRecord::SchemaMigration Load (0.1ms)[0m  [1m[34mSELECT "schema_migrations"."version" FROM "schema_migrations" ORDER BY "schema_migrations"."version" ASC /*application:JingjiPortfolio*/[0m
Started GET "/" for 172.18.0.1 at 2025-03-17 20:36:34 +0900
Cannot render console from 172.18.0.1! Allowed networks: 127.0.0.0/127.255.255.255, ::1
  [1m[36mActiveRecord::SchemaMigration Load (2.2ms)[0m  [1m[34mSELECT "schema_migrations"."version" FROM "schema_migrations" ORDER BY "schema_migrations"."version" ASC /*application:JingjiPortfolio*/[0m
Processing by TopController#index as HTML
  Rendering layout layouts/application.html.erb
  Rendering top/index.html.erb within layouts/application
  Rendered top/index.html.erb within layouts/application (Duration: 1.0ms | Allocations: 225)
  Rendered layout layouts/application.html.erb (Duration: 45.1ms | Allocations: 9007)
Completed 200 OK in 198ms (Views: 59.6ms | ActiveRecord: 0.0ms | Allocations: 16633)


  [1m[35m (0.3ms)[0m  [1m[34mSELECT pg_try_advisory_lock(5277929974492897470)[0m
  [1m[36mActiveRecord::SchemaMigration Load (1.3ms)[0m  [1m[34mSELECT "schema_migrations"."version" FROM "schema_migrations" ORDER BY "schema_migrations"."version" ASC /*application:JingjiPortfolio*/[0m
  [1m[36mActiveRecord::InternalMetadata Load (1.3ms)[0m  [1m[34mSELECT * FROM "ar_internal_metadata" WHERE "ar_internal_metadata"."key" = 'environment' ORDER BY "ar_internal_metadata"."key" ASC LIMIT 1 /*application:JingjiPortfolio*/[0m
  [1m[35m (0.2ms)[0m  [1m[34mSELECT pg_advisory_unlock(5277929974492897470)[0m
  [1m[36mActiveRecord::SchemaMigration Load (0.1ms)[0m  [1m[34mSELECT "schema_migrations"."version" FROM "schema_migrations" ORDER BY "schema_migrations"."version" ASC /*application:JingjiPortfolio*/[0m
  [1m[35m (0.4ms)[0m  [1m[34mSELECT pg_try_advisory_lock(5277929974492897470)[0m
  [1m[36mActiveRecord::SchemaMigration Load (1.9ms)[0m  [1m[34mSELECT "schema_migrations"."version" FROM "schema_migrations" ORDER BY "schema_migrations"."version" ASC /*application:JingjiPortfolio*/[0m
  [1m[36mActiveRecord::InternalMetadata Load (2.0ms)[0m  [1m[34mSELECT * FROM "ar_internal_metadata" WHERE "ar_internal_metadata"."key" = 'environment' ORDER BY "ar_internal_metadata"."key" ASC LIMIT 1 /*application:JingjiPortfolio*/[0m
  [1m[35m (1.0ms)[0m  [1m[34mSELECT pg_advisory_unlock(5277929974492897470)[0m
  [1m[36mActiveRecord::SchemaMigration Load (0.3ms)[0m  [1m[34mSELECT "schema_migrations"."version" FROM "schema_migrations" ORDER BY "schema_migrations"."version" ASC /*application:JingjiPortfolio*/[0m
  [1m[35m (0.4ms)[0m  [1m[34mSELECT pg_try_advisory_lock(5277929974492897470)[0m
  [1m[36mActiveRecord::SchemaMigration Load (0.7ms)[0m  [1m[34mSELECT "schema_migrations"."version" FROM "schema_migrations" ORDER BY "schema_migrations"."version" ASC /*application:JingjiPortfolio*/[0m
  [1m[36mActiveRecord::InternalMetadata Load (0.7ms)[0m  [1m[34mSELECT * FROM "ar_internal_metadata" WHERE "ar_internal_metadata"."key" = 'environment' ORDER BY "ar_internal_metadata"."key" ASC LIMIT 1 /*application:JingjiPortfolio*/[0m
Migrating to CreateTestImages (20250320022942)
  [1m[36mTRANSACTION (0.7ms)[0m  [1m[35mBEGIN /*application:JingjiPortfolio*/[0m
  [1m[35m (32.7ms)[0m  [1m[35mCREATE TABLE "test_images" ("id" bigserial primary key, "name" character varying, "created_at" timestamp(6) NOT NULL, "updated_at" timestamp(6) NOT NULL) /*application:JingjiPortfolio*/[0m
  [1m[36mActiveRecord::SchemaMigration Create (1.2ms)[0m  [1m[32mINSERT INTO "schema_migrations" ("version") VALUES ('20250320022942') RETURNING "version" /*application:JingjiPortfolio*/[0m
  [1m[36mTRANSACTION (1.2ms)[0m  [1m[35mCOMMIT /*application:JingjiPortfolio*/[0m
  [1m[35m (0.2ms)[0m  [1m[34mSELECT pg_advisory_unlock(5277929974492897470)[0m
  [1m[36mActiveRecord::SchemaMigration Load (0.8ms)[0m  [1m[34mSELECT "schema_migrations"."version" FROM "schema_migrations" ORDER BY "schema_migrations"."version" ASC /*application:JingjiPortfolio*/[0m
  [1m[36mTRANSACTION (0.5ms)[0m  [1m[35mBEGIN /*application:JingjiPortfolio*/[0m
  [1m[36mTestImage Create (9.1ms)[0m  [1m[32mINSERT INTO "test_images" ("name", "created_at", "updated_at") VALUES ('テスト画像', '2025-03-20 02:33:33.789251', '2025-03-20 02:33:33.789251') RETURNING "id" /*application:JingjiPortfolio*/[0m
  [1m[36mTRANSACTION (1.4ms)[0m  [1m[35mCOMMIT /*application:JingjiPortfolio*/[0m
  [1m[35m (0.1ms)[0m  [1m[34mSELECT pg_try_advisory_lock(5277929974492897470)[0m
  [1m[36mActiveRecord::SchemaMigration Load (0.8ms)[0m  [1m[34mSELECT "schema_migrations"."version" FROM "schema_migrations" ORDER BY "schema_migrations"."version" ASC /*application:JingjiPortfolio*/[0m
  [1m[36mActiveRecord::InternalMetadata Load (1.5ms)[0m  [1m[34mSELECT * FROM "ar_internal_metadata" WHERE "ar_internal_metadata"."key" = 'environment' ORDER BY "ar_internal_metadata"."key" ASC LIMIT 1 /*application:JingjiPortfolio*/[0m
  [1m[35m (0.1ms)[0m  [1m[34mSELECT pg_advisory_unlock(5277929974492897470)[0m
  [1m[36mActiveRecord::SchemaMigration Load (0.1ms)[0m  [1m[34mSELECT "schema_migrations"."version" FROM "schema_migrations" ORDER BY "schema_migrations"."version" ASC /*application:JingjiPortfolio*/[0m
  [1m[36mTRANSACTION (0.2ms)[0m  [1m[35mBEGIN /*application:JingjiPortfolio*/[0m
  [1m[36mTestImage Create (3.9ms)[0m  [1m[32mINSERT INTO "test_images" ("name", "created_at", "updated_at") VALUES ('テスト画像', '2025-03-20 02:38:06.571100', '2025-03-20 02:38:06.571100') RETURNING "id" /*application:JingjiPortfolio*/[0m
  [1m[36mTRANSACTION (0.9ms)[0m  [1m[35mCOMMIT /*application:JingjiPortfolio*/[0m
  [1m[35m (0.2ms)[0m  [1m[34mSELECT pg_try_advisory_lock(5277929974492897470)[0m
  [1m[36mActiveRecord::SchemaMigration Load (1.0ms)[0m  [1m[34mSELECT "schema_migrations"."version" FROM "schema_migrations" ORDER BY "schema_migrations"."version" ASC /*application:JingjiPortfolio*/[0m
  [1m[36mActiveRecord::InternalMetadata Load (1.0ms)[0m  [1m[34mSELECT * FROM "ar_internal_metadata" WHERE "ar_internal_metadata"."key" = 'environment' ORDER BY "ar_internal_metadata"."key" ASC LIMIT 1 /*application:JingjiPortfolio*/[0m
Migrating to CreateActiveStorageTables (20250320023948)
  [1m[36mTRANSACTION (0.1ms)[0m  [1m[35mBEGIN /*application:JingjiPortfolio*/[0m
  [1m[35m (30.6ms)[0m  [1m[35mCREATE TABLE "active_storage_blobs" ("id" bigserial primary key, "key" character varying NOT NULL, "filename" character varying NOT NULL, "content_type" character varying, "metadata" text, "service_name" character varying NOT NULL, "byte_size" bigint NOT NULL, "checksum" character varying, "created_at" timestamp(6) NOT NULL) /*application:JingjiPortfolio*/[0m
  [1m[35m (2.0ms)[0m  [1m[35mCREATE UNIQUE INDEX "index_active_storage_blobs_on_key" ON "active_storage_blobs" ("key") /*application:JingjiPortfolio*/[0m
  [1m[35m (44.3ms)[0m  [1m[35mCREATE TABLE "active_storage_attachments" ("id" bigserial primary key, "name" character varying NOT NULL, "record_type" character varying NOT NULL, "record_id" bigint NOT NULL, "blob_id" bigint NOT NULL, "created_at" timestamp(6) NOT NULL, CONSTRAINT "fk_rails_c3b3935057"
FOREIGN KEY ("blob_id")
  REFERENCES "active_storage_blobs" ("id")
) /*application:JingjiPortfolio*/[0m
  [1m[35m (2.5ms)[0m  [1m[35mCREATE INDEX "index_active_storage_attachments_on_blob_id" ON "active_storage_attachments" ("blob_id") /*application:JingjiPortfolio*/[0m
  [1m[35m (4.1ms)[0m  [1m[35mCREATE UNIQUE INDEX "index_active_storage_attachments_uniqueness" ON "active_storage_attachments" ("record_type", "record_id", "name", "blob_id") /*application:JingjiPortfolio*/[0m
  [1m[35m (18.1ms)[0m  [1m[35mCREATE TABLE "active_storage_variant_records" ("id" bigserial primary key, "blob_id" bigint NOT NULL, "variation_digest" character varying NOT NULL, CONSTRAINT "fk_rails_993965df05"
FOREIGN KEY ("blob_id")
  REFERENCES "active_storage_blobs" ("id")
) /*application:JingjiPortfolio*/[0m
  [1m[35m (1.9ms)[0m  [1m[35mCREATE UNIQUE INDEX "index_active_storage_variant_records_uniqueness" ON "active_storage_variant_records" ("blob_id", "variation_digest") /*application:JingjiPortfolio*/[0m
  [1m[36mActiveRecord::SchemaMigration Create (0.4ms)[0m  [1m[32mINSERT INTO "schema_migrations" ("version") VALUES ('20250320023948') RETURNING "version" /*application:JingjiPortfolio*/[0m
  [1m[36mTRANSACTION (1.9ms)[0m  [1m[35mCOMMIT /*application:JingjiPortfolio*/[0m
  [1m[35m (0.2ms)[0m  [1m[34mSELECT pg_advisory_unlock(5277929974492897470)[0m
  [1m[36mActiveRecord::SchemaMigration Load (0.3ms)[0m  [1m[34mSELECT "schema_migrations"."version" FROM "schema_migrations" ORDER BY "schema_migrations"."version" ASC /*application:JingjiPortfolio*/[0m
  [1m[35m (0.2ms)[0m  [1m[34mSELECT pg_try_advisory_lock(5277929974492897470)[0m
  [1m[36mActiveRecord::SchemaMigration Load (0.7ms)[0m  [1m[34mSELECT "schema_migrations"."version" FROM "schema_migrations" ORDER BY "schema_migrations"."version" ASC /*application:JingjiPortfolio*/[0m
  [1m[36mActiveRecord::InternalMetadata Load (0.7ms)[0m  [1m[34mSELECT * FROM "ar_internal_metadata" WHERE "ar_internal_metadata"."key" = 'environment' ORDER BY "ar_internal_metadata"."key" ASC LIMIT 1 /*application:JingjiPortfolio*/[0m
  [1m[35m (0.1ms)[0m  [1m[34mSELECT pg_advisory_unlock(5277929974492897470)[0m
  [1m[36mActiveRecord::SchemaMigration Load (0.1ms)[0m  [1m[34mSELECT "schema_migrations"."version" FROM "schema_migrations" ORDER BY "schema_migrations"."version" ASC /*application:JingjiPortfolio*/[0m
  [1m[36mTRANSACTION (0.2ms)[0m  [1m[35mBEGIN /*application:JingjiPortfolio*/[0m
  [1m[36mTestImage Create (2.4ms)[0m  [1m[32mINSERT INTO "test_images" ("name", "created_at", "updated_at") VALUES ('テスト画像', '2025-03-20 02:40:51.450515', '2025-03-20 02:40:51.450515') RETURNING "id" /*application:JingjiPortfolio*/[0m
  [1m[36mTRANSACTION (1.0ms)[0m  [1m[35mCOMMIT /*application:JingjiPortfolio*/[0m
  [1m[36mTRANSACTION (0.4ms)[0m  [1m[35mBEGIN /*application:JingjiPortfolio*/[0m
  [1m[36mActiveStorage::Blob Load (3.3ms)[0m  [1m[34mSELECT "active_storage_blobs".* FROM "active_storage_blobs" INNER JOIN "active_storage_attachments" ON "active_storage_blobs"."id" = "active_storage_attachments"."blob_id" WHERE "active_storage_attachments"."record_id" = 3 AND "active_storage_attachments"."record_type" = 'TestImage' AND "active_storage_attachments"."name" = 'image' LIMIT 1 /*application:JingjiPortfolio*/[0m
  [1m[36mActiveStorage::Attachment Load (0.5ms)[0m  [1m[34mSELECT "active_storage_attachments".* FROM "active_storage_attachments" WHERE "active_storage_attachments"."record_id" = 3 AND "active_storage_attachments"."record_type" = 'TestImage' AND "active_storage_attachments"."name" = 'image' LIMIT 1 /*application:JingjiPortfolio*/[0m
  [1m[36mActiveStorage::Blob Create (4.0ms)[0m  [1m[32mINSERT INTO "active_storage_blobs" ("key", "filename", "content_type", "metadata", "service_name", "byte_size", "checksum", "created_at") VALUES ('lyjqgy9awvxttwnp64rk4kzqyx8d', 'test.txt', 'text/plain', '{"identified":true}', 'local', 39, 'atvrENhmda4LNJS2VMrs5A==', '2025-03-20 02:40:51.645121') RETURNING "id" /*application:JingjiPortfolio*/[0m
  [1m[36mActiveStorage::Attachment Create (1.5ms)[0m  [1m[32mINSERT INTO "active_storage_attachments" ("name", "record_type", "record_id", "blob_id", "created_at") VALUES ('image', 'TestImage', 3, 1, '2025-03-20 02:40:51.651772') RETURNING "id" /*application:JingjiPortfolio*/[0m
  [1m[36mTestImage Update (1.2ms)[0m  [1m[33mUPDATE "test_images" SET "updated_at" = '2025-03-20 02:40:51.654643' WHERE "test_images"."id" = 3 /*application:JingjiPortfolio*/[0m
  [1m[36mTRANSACTION (0.6ms)[0m  [1m[35mCOMMIT /*application:JingjiPortfolio*/[0m
[36m  Disk Storage (2.8ms) [0m[32mUploaded file to key: lyjqgy9awvxttwnp64rk4kzqyx8d (checksum: atvrENhmda4LNJS2VMrs5A==)[0m
  [1m[36mTRANSACTION (0.2ms)[0m  [1m[35mBEGIN /*application:JingjiPortfolio*/[0m
  [1m[36mActiveStorage::Blob Update (0.9ms)[0m  [1m[33mUPDATE "active_storage_blobs" SET "metadata" = '{"identified":true,"analyzed":true}' WHERE "active_storage_blobs"."id" = 1 /*application:JingjiPortfolio*/[0m
  [1m[36mActiveStorage::Attachment Load (0.5ms)[0m  [1m[34mSELECT "active_storage_attachments".* FROM "active_storage_attachments" WHERE "active_storage_attachments"."blob_id" = 1 /*application:JingjiPortfolio*/[0m
  [1m[36mTestImage Load (0.3ms)[0m  [1m[34mSELECT "test_images".* FROM "test_images" WHERE "test_images"."id" = 3 /*application:JingjiPortfolio*/[0m
  [1m[36mTestImage Update (0.5ms)[0m  [1m[33mUPDATE "test_images" SET "updated_at" = '2025-03-20 02:40:51.708221' WHERE "test_images"."id" = 3 /*application:JingjiPortfolio*/[0m
  [1m[36mTRANSACTION (0.7ms)[0m  [1m[35mCOMMIT /*application:JingjiPortfolio*/[0m
[36m  Disk Storage (15.6ms) [0m[34mGenerated URL for file at key: lyjqgy9awvxttwnp64rk4kzqyx8d ()[0m
  [1m[35m (0.2ms)[0m  [1m[34mSELECT pg_try_advisory_lock(5277929974492897470)[0m
  [1m[36mActiveRecord::SchemaMigration Load (0.6ms)[0m  [1m[34mSELECT "schema_migrations"."version" FROM "schema_migrations" ORDER BY "schema_migrations"."version" ASC /*application:JingjiPortfolio*/[0m
  [1m[36mActiveRecord::InternalMetadata Load (0.7ms)[0m  [1m[34mSELECT * FROM "ar_internal_metadata" WHERE "ar_internal_metadata"."key" = 'environment' ORDER BY "ar_internal_metadata"."key" ASC LIMIT 1 /*application:JingjiPortfolio*/[0m
  [1m[35m (0.1ms)[0m  [1m[34mSELECT pg_advisory_unlock(5277929974492897470)[0m
  [1m[36mActiveRecord::SchemaMigration Load (0.1ms)[0m  [1m[34mSELECT "schema_migrations"."version" FROM "schema_migrations" ORDER BY "schema_migrations"."version" ASC /*application:JingjiPortfolio*/[0m
  [1m[36mTRANSACTION (0.1ms)[0m  [1m[35mBEGIN /*application:JingjiPortfolio*/[0m
  [1m[36mTestImage Create (4.9ms)[0m  [1m[32mINSERT INTO "test_images" ("name", "created_at", "updated_at") VALUES ('S3テスト', '2025-03-20 02:42:36.458615', '2025-03-20 02:42:36.458615') RETURNING "id" /*application:JingjiPortfolio*/[0m
  [1m[36mTRANSACTION (1.3ms)[0m  [1m[35mCOMMIT /*application:JingjiPortfolio*/[0m
  [1m[35m (0.4ms)[0m  [1m[34mSELECT pg_try_advisory_lock(5277929974492897470)[0m
  [1m[36mActiveRecord::SchemaMigration Load (0.6ms)[0m  [1m[34mSELECT "schema_migrations"."version" FROM "schema_migrations" ORDER BY "schema_migrations"."version" ASC /*application:JingjiPortfolio*/[0m
  [1m[36mActiveRecord::InternalMetadata Load (1.1ms)[0m  [1m[34mSELECT * FROM "ar_internal_metadata" WHERE "ar_internal_metadata"."key" = 'environment' ORDER BY "ar_internal_metadata"."key" ASC LIMIT 1 /*application:JingjiPortfolio*/[0m
  [1m[35m (0.1ms)[0m  [1m[34mSELECT pg_advisory_unlock(5277929974492897470)[0m
  [1m[36mActiveRecord::SchemaMigration Load (0.1ms)[0m  [1m[34mSELECT "schema_migrations"."version" FROM "schema_migrations" ORDER BY "schema_migrations"."version" ASC /*application:JingjiPortfolio*/[0m
  [1m[36mTRANSACTION (0.2ms)[0m  [1m[35mBEGIN /*application:JingjiPortfolio*/[0m
  [1m[36mTestImage Create (3.1ms)[0m  [1m[32mINSERT INTO "test_images" ("name", "created_at", "updated_at") VALUES ('S3テスト', '2025-03-20 06:25:35.071206', '2025-03-20 06:25:35.071206') RETURNING "id" /*application:JingjiPortfolio*/[0m
  [1m[36mTRANSACTION (1.3ms)[0m  [1m[35mCOMMIT /*application:JingjiPortfolio*/[0m
  [1m[36mTRANSACTION (11.6ms)[0m  [1m[35mBEGIN /*application:JingjiPortfolio*/[0m
  [1m[36mTestImage Create (20.6ms)[0m  [1m[32mINSERT INTO "test_images" ("name", "created_at", "updated_at") VALUES ('S3テスト', '2025-03-20 06:28:08.431621', '2025-03-20 06:28:08.431621') RETURNING "id" /*application:JingjiPortfolio*/[0m
  [1m[36mTRANSACTION (2.2ms)[0m  [1m[35mCOMMIT /*application:JingjiPortfolio*/[0m
  [1m[36mTRANSACTION (0.2ms)[0m  [1m[35mBEGIN /*application:JingjiPortfolio*/[0m
  [1m[36mActiveStorage::Blob Load (8.4ms)[0m  [1m[34mSELECT "active_storage_blobs".* FROM "active_storage_blobs" INNER JOIN "active_storage_attachments" ON "active_storage_blobs"."id" = "active_storage_attachments"."blob_id" WHERE "active_storage_attachments"."record_id" = 6 AND "active_storage_attachments"."record_type" = 'TestImage' AND "active_storage_attachments"."name" = 'image' LIMIT 1 /*application:JingjiPortfolio*/[0m
  [1m[36mActiveStorage::Attachment Load (0.6ms)[0m  [1m[34mSELECT "active_storage_attachments".* FROM "active_storage_attachments" WHERE "active_storage_attachments"."record_id" = 6 AND "active_storage_attachments"."record_type" = 'TestImage' AND "active_storage_attachments"."name" = 'image' LIMIT 1 /*application:JingjiPortfolio*/[0m
  [1m[36mActiveStorage::Blob Create (7.1ms)[0m  [1m[32mINSERT INTO "active_storage_blobs" ("key", "filename", "content_type", "metadata", "service_name", "byte_size", "checksum", "created_at") VALUES ('boom07bu7u5msj6pynagsn52druy', 'test.txt', 'text/plain', '{"identified":true}', 'amazon', 38, 's2UxsfOS/0kjI3s7myVMlw==', '2025-03-20 06:28:09.464341') RETURNING "id" /*application:JingjiPortfolio*/[0m
  [1m[36mActiveStorage::Attachment Create (11.1ms)[0m  [1m[32mINSERT INTO "active_storage_attachments" ("name", "record_type", "record_id", "blob_id", "created_at") VALUES ('image', 'TestImage', 6, 2, '2025-03-20 06:28:09.481898') RETURNING "id" /*application:JingjiPortfolio*/[0m
  [1m[36mTestImage Update (4.2ms)[0m  [1m[33mUPDATE "test_images" SET "updated_at" = '2025-03-20 06:28:09.495035' WHERE "test_images"."id" = 6 /*application:JingjiPortfolio*/[0m
  [1m[36mTRANSACTION (0.9ms)[0m  [1m[35mCOMMIT /*application:JingjiPortfolio*/[0m
[36m  S3 Storage (622.9ms) [0m[32mUploaded file to key: boom07bu7u5msj6pynagsn52druy (checksum: s2UxsfOS/0kjI3s7myVMlw==)[0m
  [1m[36mTRANSACTION (1.3ms)[0m  [1m[35mBEGIN /*application:JingjiPortfolio*/[0m
  [1m[36mActiveStorage::Blob Update (4.0ms)[0m  [1m[33mUPDATE "active_storage_blobs" SET "metadata" = '{"identified":true,"analyzed":true}' WHERE "active_storage_blobs"."id" = 2 /*application:JingjiPortfolio*/[0m
  [1m[36mActiveStorage::Attachment Load (1.0ms)[0m  [1m[34mSELECT "active_storage_attachments".* FROM "active_storage_attachments" WHERE "active_storage_attachments"."blob_id" = 2 /*application:JingjiPortfolio*/[0m
  [1m[36mTestImage Load (0.6ms)[0m  [1m[34mSELECT "test_images".* FROM "test_images" WHERE "test_images"."id" = 6 /*application:JingjiPortfolio*/[0m
  [1m[36mTestImage Update (0.5ms)[0m  [1m[33mUPDATE "test_images" SET "updated_at" = '2025-03-20 06:28:10.177308' WHERE "test_images"."id" = 6 /*application:JingjiPortfolio*/[0m
  [1m[36mTRANSACTION (0.7ms)[0m  [1m[35mCOMMIT /*application:JingjiPortfolio*/[0m
[36m  S3 Storage (8.8ms) [0m[34mGenerated URL for file at key: boom07bu7u5msj6pynagsn52druy (https://jingji-portfolio-files.s3.ap-northeast-1.amazonaws.com/boom07bu7u5msj6pynagsn52druy?response-content-disposition=attachment%3B%20filename%3D%22test.txt%22%3B%20filename%2A%3DUTF-8%27%27test.txt&response-content-type=text%2Fplain&X-Amz-Algorithm=AWS4-HMAC-SHA256&X-Amz-Credential=AKIA4SDNV77D2OHRWU7L%2F20250320%2Fap-northeast-1%2Fs3%2Faws4_request&X-Amz-Date=20250320T062810Z&X-Amz-Expires=300&X-Amz-SignedHeaders=host&X-Amz-Signature=0168fdffec9b6ebbba7ba0d9ebaeb844ed168f95f767c79fe1bd66aa038dc932)[0m
  [1m[36mActiveRecord::SchemaMigration Load (4.5ms)[0m  [1m[34mSELECT "schema_migrations"."version" FROM "schema_migrations" ORDER BY "schema_migrations"."version" ASC /*application:JingjiPortfolio*/[0m
  [1m[36mActiveRecord::SchemaMigration Load (0.4ms)[0m  [1m[34mSELECT "schema_migrations"."version" FROM "schema_migrations" ORDER BY "schema_migrations"."version" ASC /*application:JingjiPortfolio*/[0m
  [1m[36mActiveRecord::SchemaMigration Load (0.1ms)[0m  [1m[34mSELECT "schema_migrations"."version" FROM "schema_migrations" ORDER BY "schema_migrations"."version" ASC /*application:JingjiPortfolio*/[0m
  [1m[35m (0.6ms)[0m  [1m[34mSELECT pg_try_advisory_lock(5277929974492897470)[0m
  [1m[36mActiveRecord::SchemaMigration Load (2.7ms)[0m  [1m[34mSELECT "schema_migrations"."version" FROM "schema_migrations" ORDER BY "schema_migrations"."version" ASC /*application:JingjiPortfolio*/[0m
Migrating to CreateActiveStorageTables (20250320023948)
  [1m[36mTRANSACTION (0.7ms)[0m  [1m[35mBEGIN /*application:JingjiPortfolio*/[0m
  [1m[35m (87.0ms)[0m  [1m[35mDROP TABLE "active_storage_variant_records" /*application:JingjiPortfolio*/[0m
  [1m[35m (15.1ms)[0m  [1m[35mDROP TABLE "active_storage_attachments" /*application:JingjiPortfolio*/[0m
  [1m[35m (1.5ms)[0m  [1m[35mDROP TABLE "active_storage_blobs" /*application:JingjiPortfolio*/[0m
  [1m[36mActiveRecord::SchemaMigration Destroy (13.7ms)[0m  [1m[31mDELETE FROM "schema_migrations" WHERE "schema_migrations"."version" = '20250320023948' /*application:JingjiPortfolio*/[0m
  [1m[36mTRANSACTION (16.8ms)[0m  [1m[35mCOMMIT /*application:JingjiPortfolio*/[0m
  [1m[35m (0.5ms)[0m  [1m[34mSELECT pg_advisory_unlock(5277929974492897470)[0m
  [1m[36mActiveRecord::SchemaMigration Load (0.1ms)[0m  [1m[34mSELECT "schema_migrations"."version" FROM "schema_migrations" ORDER BY "schema_migrations"."version" ASC /*application:JingjiPortfolio*/[0m
  [1m[36mActiveRecord::SchemaMigration Load (0.6ms)[0m  [1m[34mSELECT "schema_migrations"."version" FROM "schema_migrations" ORDER BY "schema_migrations"."version" ASC /*application:JingjiPortfolio*/[0m
  [1m[36mActiveRecord::SchemaMigration Load (0.4ms)[0m  [1m[34mSELECT "schema_migrations"."version" FROM "schema_migrations" ORDER BY "schema_migrations"."version" ASC /*application:JingjiPortfolio*/[0m
  [1m[36mActiveRecord::SchemaMigration Load (0.1ms)[0m  [1m[34mSELECT "schema_migrations"."version" FROM "schema_migrations" ORDER BY "schema_migrations"."version" ASC /*application:JingjiPortfolio*/[0m
  [1m[35m (0.2ms)[0m  [1m[34mSELECT pg_try_advisory_lock(5277929974492897470)[0m
  [1m[36mActiveRecord::SchemaMigration Load (0.1ms)[0m  [1m[34mSELECT "schema_migrations"."version" FROM "schema_migrations" ORDER BY "schema_migrations"."version" ASC /*application:JingjiPortfolio*/[0m
Migrating to CreateTestImages (20250320022942)
  [1m[36mTRANSACTION (0.3ms)[0m  [1m[35mBEGIN /*application:JingjiPortfolio*/[0m
  [1m[35m (4.5ms)[0m  [1m[35mDROP TABLE "test_images" /*application:JingjiPortfolio*/[0m
  [1m[36mActiveRecord::SchemaMigration Destroy (3.6ms)[0m  [1m[31mDELETE FROM "schema_migrations" WHERE "schema_migrations"."version" = '20250320022942' /*application:JingjiPortfolio*/[0m
  [1m[36mTRANSACTION (4.7ms)[0m  [1m[35mCOMMIT /*application:JingjiPortfolio*/[0m
  [1m[35m (1.1ms)[0m  [1m[34mSELECT pg_advisory_unlock(5277929974492897470)[0m
  [1m[36mActiveRecord::SchemaMigration Load (0.2ms)[0m  [1m[34mSELECT "schema_migrations"."version" FROM "schema_migrations" ORDER BY "schema_migrations"."version" ASC /*application:JingjiPortfolio*/[0m
  [1m[35m (0.2ms)[0m  [1m[34mSELECT pg_try_advisory_lock(5277929974492897470)[0m
  [1m[36mActiveRecord::SchemaMigration Load (1.5ms)[0m  [1m[34mSELECT "schema_migrations"."version" FROM "schema_migrations" ORDER BY "schema_migrations"."version" ASC /*application:JingjiPortfolio*/[0m
  [1m[36mActiveRecord::InternalMetadata Load (2.6ms)[0m  [1m[34mSELECT * FROM "ar_internal_metadata" WHERE "ar_internal_metadata"."key" = 'environment' ORDER BY "ar_internal_metadata"."key" ASC LIMIT 1 /*application:JingjiPortfolio*/[0m
  [1m[35m (0.2ms)[0m  [1m[34mSELECT pg_advisory_unlock(5277929974492897470)[0m
  [1m[36mActiveRecord::SchemaMigration Load (0.1ms)[0m  [1m[34mSELECT "schema_migrations"."version" FROM "schema_migrations" ORDER BY "schema_migrations"."version" ASC /*application:JingjiPortfolio*/[0m
Started GET "/" for 172.20.0.1 at 2025-03-20 15:40:50 +0900
Cannot render console from 172.20.0.1! Allowed networks: 127.0.0.0/127.255.255.255, ::1
  [1m[36mActiveRecord::SchemaMigration Load (4.1ms)[0m  [1m[34mSELECT "schema_migrations"."version" FROM "schema_migrations" ORDER BY "schema_migrations"."version" ASC /*application:JingjiPortfolio*/[0m
Processing by TopController#index as HTML
  Rendering layout layouts/application.html.erb
  Rendering top/index.html.erb within layouts/application
  Rendered top/index.html.erb within layouts/application (Duration: 0.4ms | Allocations: 225)
  Rendered layout layouts/application.html.erb (Duration: 20.1ms | Allocations: 7729)
Completed 200 OK in 159ms (Views: 24.1ms | ActiveRecord: 0.0ms | Allocations: 11912)


  [1m[35m (0.1ms)[0m  [1m[34mSELECT pg_try_advisory_lock(5277929974492897470)[0m
  [1m[36mActiveRecord::SchemaMigration Load (0.7ms)[0m  [1m[34mSELECT "schema_migrations"."version" FROM "schema_migrations" ORDER BY "schema_migrations"."version" ASC /*application:JingjiPortfolio*/[0m
  [1m[36mActiveRecord::InternalMetadata Load (0.7ms)[0m  [1m[34mSELECT * FROM "ar_internal_metadata" WHERE "ar_internal_metadata"."key" = 'environment' ORDER BY "ar_internal_metadata"."key" ASC LIMIT 1 /*application:JingjiPortfolio*/[0m
  [1m[35m (0.1ms)[0m  [1m[34mSELECT pg_advisory_unlock(5277929974492897470)[0m
  [1m[36mActiveRecord::SchemaMigration Load (0.1ms)[0m  [1m[34mSELECT "schema_migrations"."version" FROM "schema_migrations" ORDER BY "schema_migrations"."version" ASC /*application:JingjiPortfolio*/[0m
Started GET "/" for 172.20.0.1 at 2025-03-20 15:41:33 +0900
Cannot render console from 172.20.0.1! Allowed networks: 127.0.0.0/127.255.255.255, ::1
  [1m[36mActiveRecord::SchemaMigration Load (0.8ms)[0m  [1m[34mSELECT "schema_migrations"."version" FROM "schema_migrations" ORDER BY "schema_migrations"."version" ASC /*application:JingjiPortfolio*/[0m
Processing by TopController#index as HTML
  Rendering layout layouts/application.html.erb
  Rendering top/index.html.erb within layouts/application
  Rendered top/index.html.erb within layouts/application (Duration: 0.6ms | Allocations: 225)
  Rendered layout layouts/application.html.erb (Duration: 17.8ms | Allocations: 7561)
Completed 200 OK in 109ms (Views: 22.8ms | ActiveRecord: 0.0ms | Allocations: 11742)


